ERROR - 2019-11-25 10:08:42 --> 404 Page Not Found: 
ERROR - 2019-11-25 11:40:22 --> 404 Page Not Found: 
ERROR - 2019-11-25 11:52:08 --> 404 Page Not Found: 
ERROR - 2019-11-25 11:52:09 --> 404 Page Not Found: 
ERROR - 2019-11-25 14:50:10 --> 404 Page Not Found: 
ERROR - 2019-11-25 14:56:21 --> 404 Page Not Found: 
ERROR - 2019-11-25 14:56:50 --> 404 Page Not Found: 
ERROR - 2019-11-25 15:17:39 --> 404 Page Not Found: 
ERROR - 2019-11-25 15:27:39 --> 404 Page Not Found: 
ERROR - 2019-11-25 16:49:21 --> 404 Page Not Found: 
ERROR - 2019-11-25 16:52:54 --> 404 Page Not Found: 
ERROR - 2019-11-25 16:53:03 --> 404 Page Not Found: 
ERROR - 2019-11-25 16:53:37 --> 404 Page Not Found: 
ERROR - 2019-11-25 17:04:46 --> 404 Page Not Found: 
ERROR - 2019-11-25 17:08:09 --> Severity: Warning --> count(): Parameter must be an array or an object that implements Countable F:\FBP.com\application\views\property-design.php 926
ERROR - 2019-11-25 17:08:38 --> Severity: Warning --> count(): Parameter must be an array or an object that implements Countable F:\FBP.com\application\views\property-design.php 926
ERROR - 2019-11-25 17:11:07 --> Severity: Warning --> count(): Parameter must be an array or an object that implements Countable F:\FBP.com\application\views\property-design.php 944
ERROR - 2019-11-25 17:51:37 --> Severity: error --> Exception: syntax error, unexpected ')' F:\FBP.com\application\views\property-design.php 995
ERROR - 2019-11-25 17:52:36 --> Severity: error --> Exception: syntax error, unexpected '<' F:\FBP.com\application\views\property-design.php 1089
ERROR - 2019-11-25 17:59:08 --> Severity: error --> Exception: syntax error, unexpected 'else' (T_ELSE) F:\FBP.com\application\views\property-design.php 1050
ERROR - 2019-11-25 18:05:57 --> Severity: error --> Exception: Class 'Numbers_Words' not found F:\FBP.com\application\views\property-design.php 979
ERROR - 2019-11-25 13:44:03 --> Non-existent class: Numbertowordconvertsconver
ERROR - 2019-11-25 13:44:04 --> Non-existent class: Numbertowordconvertsconver
ERROR - 2019-11-25 18:14:50 --> Severity: error --> Exception: Number is out of range F:\FBP.com\application\libraries\numbertowordconvertsconver.php 7
ERROR - 2019-11-25 18:32:12 --> Severity: error --> Exception: syntax error, unexpected '<' F:\FBP.com\application\views\property-design.php 984
ERROR - 2019-11-25 18:32:55 --> Severity: error --> Exception: Call to undefined function cpunt() F:\FBP.com\application\views\property-design.php 982
ERROR - 2019-11-25 18:44:18 --> Severity: error --> Exception: syntax error, unexpected '!=' (T_IS_NOT_EQUAL) F:\FBP.com\application\views\property-design.php 983
ERROR - 2019-11-25 18:44:42 --> Severity: error --> Exception: syntax error, unexpected '!=' (T_IS_NOT_EQUAL) F:\FBP.com\application\views\property-design.php 982
ERROR - 2019-11-25 19:09:54 --> Severity: error --> Exception: syntax error, unexpected '0' (T_LNUMBER), expecting identifier (T_STRING) or variable (T_VARIABLE) or '{' or '$' F:\FBP.com\application\views\property-design.php 983
ERROR - 2019-11-25 19:14:29 --> Severity: error --> Exception: syntax error, unexpected ')', expecting ',' or ';' F:\FBP.com\application\views\property-design.php 982
